#
# A fatal error has been detected by the Java Runtime Environment:
#
#  SIGSEGV (0xb) at pc=0x0000000109769ac2, pid=6109, tid=0x0000000000000307
#
# JRE version: Java(TM) SE Runtime Environment (8.0_111-b14) (build 1.8.0_111-b14)
# Java VM: Java HotSpot(TM) 64-Bit Server VM (25.111-b14 mixed mode bsd-amd64 compressed oops)
# Problematic frame:
# V  [libjvm.dylib+0x169ac2]
#
# Failed to write core dump. Core dumps have been disabled. To enable core dumping, try "ulimit -c unlimited" before starting Java again
#
# If you would like to submit a bug report, please visit:
#   http://bugreport.java.com/bugreport/crash.jsp
#

---------------  T H R E A D  ---------------

Current thread is native thread

siginfo: si_signo: 11 (SIGSEGV), si_code: 1 (SEGV_MAPERR), si_addr: 0x0000000000000270

Registers:
RAX=0x0000000000000000, RBX=0x0000000000000000, RCX=0x0000000109913777, RDX=0x00007fd4a80579f8
RSP=0x00007fff5773d650, RBP=0x00007fff5773d660, RSI=0x0000000000000006, RDI=0x00007fff5773d6a0
R8 =0x0000000000000000, R9 =0x000000000000048e, R10=0x0000000115af1e90, R11=0x00007fd4b05b0740
R12=0x00007fd4a80579f8, R13=0x00007fd4b056be30, R14=0x00007fd4a80579f8, R15=0x0000000000000000
RIP=0x0000000109769ac2, EFLAGS=0x0000000000010246, ERR=0x0000000000000006
  TRAPNO=0x000000000000000e

Top of Stack: (sp=0x00007fff5773d650)
0x00007fff5773d650:   00007fd4a8912968 00007fd4a80579f8
0x00007fff5773d660:   00007fff5773d6c0 00000001099137a7
0x00007fff5773d670:   4d7299d37f8d00af 00007fd4adb02da0
0x00007fff5773d680:   00007fd4a85a9e00 00007fd4b0571f70
0x00007fff5773d690:   00007fff5773d6c0 000000012c8546e9
0x00007fff5773d6a0:   0000000000000000 00007fd4b0548920
0x00007fff5773d6b0:   00007fd4a85a9e00 00007fd4b0571f70
0x00007fff5773d6c0:   00007fff5773d720 000000012e6bf8d5
0x00007fff5773d6d0:   4d7299d37f8d00af 0000000000000000
0x00007fff5773d6e0:   40ebc46098cf6037 0000000000000000
0x00007fff5773d6f0:   00007fff5773d720 00007fd4b0571f70
0x00007fff5773d700:   00007fd4adb02da0 00007fd4b056be30
0x00007fff5773d710:   00007fd4b0571f70 00007fffc1aadb40
0x00007fff5773d720:   00007fff5773d7a0 00007fffb2c76211
0x00007fff5773d730:   00007fd4a90d2c00 0000000000000000
0x00007fff5773d740:   000001865773d780 00007fd4a85a9e00
0x00007fff5773d750:   0000000000000000 0000000000000000
0x00007fff5773d760:   0000000400000000 40ebc46098cf6037
0x00007fff5773d770:   00007fff5773d7a0 00007fd4b0571f70
0x00007fff5773d780:   0000000000000004 0000000000000000
0x00007fff5773d790:   00007fffc1aadb40 00007fffab596e15
0x00007fff5773d7a0:   00007fff5773d810 00007fffb2c75d8f
0x00007fff5773d7b0:   4000000000000000 4082380000000000
0x00007fff5773d7c0:   4068600000000000 0000000000000000
0x00007fff5773d7d0:   0000000000000000 4082380000000000
0x00007fff5773d7e0:   4068600000000000 00007fff5773d8e0
0x00007fff5773d7f0:   00007fd4adb01cc8 0000000000000000
0x00007fff5773d800:   00007fffab59faa7 00007fd4a90d2c00
0x00007fff5773d810:   00007fff5773e8e0 00007fffb2c88f6e
0x00007fff5773d820:   00007fff5773e8e0 00007fffb2c88e44
0x00007fff5773d830:   00007fd4adb01cc8 00007fd4adb01cc8
0x00007fff5773d840:   00007fd4adb01c20 00007fd4a90d2c00 

Instructions: (pc=0x0000000109769ac2)
0x0000000109769aa2:   0e 48 8b 0b 49 8b 56 18 48 63 c0 48 89 0c c2 5b
0x0000000109769ab2:   41 5e 5d c3 90 90 55 48 89 e5 41 56 53 48 8b 1f
0x0000000109769ac2:   c7 83 70 02 00 00 05 00 00 00 48 8d 05 e5 57 78
0x0000000109769ad2:   00 8b 00 83 f8 01 41 89 f6 75 0c 48 8d 0d 32 c3 

Register to memory mapping:

RAX=0x0000000000000000 is an unknown value
RBX=0x0000000000000000 is an unknown value
RCX=0x0000000109913777: jni_NewLocalRef+0 in /Library/Java/JavaVirtualMachines/jdk1.8.0_111.jdk/Contents/Home/jre/lib/server/libjvm.dylib at 0x0000000109600000
RDX=0x00007fd4a80579f8 is an unknown value
RSP=0x00007fff5773d650 is an unknown value
RBP=0x00007fff5773d660 is an unknown value
RSI=0x0000000000000006 is an unknown value
RDI=0x00007fff5773d6a0 is an unknown value
R8 =0x0000000000000000 is an unknown value
R9 =0x000000000000048e is an unknown value
R10=0x0000000115af1e90: OBJC_CLASS_$_JNFJObjectWrapper+0 in /System/Library/Frameworks/JavaVM.framework/Versions/A/Frameworks/JavaNativeFoundation.framework/Versions/A/JavaNativeFoundation at 0x0000000115ae7000
R11=0x00007fd4b05b0740 is an unknown value
R12=0x00007fd4a80579f8 is an unknown value
R13=0x00007fd4b056be30 is an unknown value
R14=0x00007fd4a80579f8 is an unknown value
R15=0x0000000000000000 is an unknown value


Stack: [0x00007fff56f42000,0x00007fff57742000],  sp=0x00007fff5773d650,  free space=8173k
Native frames: (J=compiled Java code, j=interpreted, Vv=VM code, C=native code)
V  [libjvm.dylib+0x169ac2]
V  [libjvm.dylib+0x3137a7]
C  [libawt_lwawt.dylib+0x198d5]  -[CGLLayer drawInCGLContext:pixelFormat:forLayerTime:displayTime:]+0xee
C  [QuartzCore+0x111211]  _ZL17CAOpenGLLayerDrawP13CAOpenGLLayerdPK11CVTimeStampj+0x369
C  [QuartzCore+0x110d8f]  -[CAOpenGLLayer _display]+0x15f
C  [QuartzCore+0x123f6e]  _ZN2CA5Layer17display_if_neededEPNS_11TransactionE+0x23c
C  [QuartzCore+0x124099]  _ZN2CA5Layer28layout_and_display_if_neededEPNS_11TransactionE+0x23
C  [QuartzCore+0x119878]  _ZN2CA7Context18commit_transactionEPNS_11TransactionE+0x118
C  [QuartzCore+0x10631]  _ZN2CA11Transaction6commitEv+0x1db
C  [QuartzCore+0x10f92]  _ZN2CA11Transaction17observer_callbackEP19__CFRunLoopObservermPv+0x6c
C  [CoreFoundation+0xa7397]  __CFRUNLOOP_IS_CALLING_OUT_TO_AN_OBSERVER_CALLBACK_FUNCTION__+0x17
C  [CoreFoundation+0xa7307]  __CFRunLoopDoObservers+0x187
C  [CoreFoundation+0x8808e]  __CFRunLoopRun+0x4be
C  [CoreFoundation+0x87974]  CFRunLoopRunSpecific+0x1a4
C  [java+0x6465]  CreateExecutionEnvironment+0x367
C  [java+0x218c]  JLI_Launch+0x7a0
C  [java+0x84c2]  main+0x65
C  [java+0x19e4]  start+0x34


---------------  P R O C E S S  ---------------

VM state:not at safepoint (normal execution)

VM Mutex/Monitor currently owned by a thread: None

Heap:
 PSYoungGen      total 76288K, used 63945K [0x000000076ab00000, 0x0000000770000000, 0x00000007c0000000)
  eden space 65536K, 97% used [0x000000076ab00000,0x000000076e972478,0x000000076eb00000)
  from space 10752K, 0% used [0x000000076f580000,0x000000076f580000,0x0000000770000000)
  to   space 10752K, 0% used [0x000000076eb00000,0x000000076eb00000,0x000000076f580000)
 ParOldGen       total 151040K, used 27992K [0x00000006c0000000, 0x00000006c9380000, 0x000000076ab00000)
  object space 151040K, 18% used [0x00000006c0000000,0x00000006c1b560c8,0x00000006c9380000)
 Metaspace       used 26226K, capacity 27148K, committed 27264K, reserved 1073152K
  class space    used 3455K, capacity 3695K, committed 3712K, reserved 1048576K

Card table byte_map: [0x000000010a961000,0x000000010b162000] byte_map_base: 0x0000000107361000

Marking Bits: (ParMarkBitMap*) 0x0000000109eefd20
 Begin Bits: [0x000000010b6b8000, 0x000000010f6b8000)
 End Bits:   [0x000000010f6b8000, 0x00000001136b8000)

Polling page: 0x000000010857e000

CodeCache: size=245760Kb used=12597Kb max_used=12598Kb free=233162Kb
 bounds [0x0000000115b8d000, 0x00000001167ed000, 0x0000000124b8d000]
 total_blobs=4752 nmethods=3905 adapters=758
 compilation: enabled

Compilation events (10 events):
Event: 52.219 Thread 0x00007fd4a980a800 4178       3       jdk.internal.org.objectweb.asm.ClassVisitor::<init> (35 bytes)
Event: 52.219 Thread 0x00007fd4a980a800 nmethod 4178 0x00000001167e2910 code [0x00000001167e2aa0, 0x00000001167e2da8]
Event: 52.219 Thread 0x00007fd4a980a800 4180       3       java.lang.invoke.MethodHandle::asType (28 bytes)
Event: 52.219 Thread 0x00007fd4a980a800 nmethod 4180 0x00000001167e22d0 code [0x00000001167e2460, 0x00000001167e27e8]
Event: 52.219 Thread 0x00007fd4a980a800 4181       3       java.lang.invoke.MethodHandle::asTypeCached (21 bytes)
Event: 52.220 Thread 0x00007fd4a980a800 nmethod 4181 0x00000001167e1ed0 code [0x00000001167e2040, 0x00000001167e2230]
Event: 52.220 Thread 0x00007fd4a980a800 4182       3       jdk.internal.org.objectweb.asm.ClassWriter::visitEnd (1 bytes)
Event: 52.220 Thread 0x00007fd4a980a800 nmethod 4182 0x00000001167de690 code [0x00000001167de7e0, 0x00000001167de930]
Event: 52.220 Thread 0x00007fd4a980a800 4183       3       java.lang.invoke.Invokers::checkGenericType (16 bytes)
Event: 52.220 Thread 0x00007fd4a980a800 nmethod 4183 0x00000001167e1550 code [0x00000001167e16e0, 0x00000001167e1ce8]

GC Heap History (6 events):
Event: 2.130 GC heap before
{Heap before GC invocations=1 (full 0):
 PSYoungGen      total 76288K, used 64335K [0x000000076ab00000, 0x0000000770000000, 0x00000007c0000000)
  eden space 65536K, 98% used [0x000000076ab00000,0x000000076e9d3f40,0x000000076eb00000)
  from space 10752K, 0% used [0x000000076f580000,0x000000076f580000,0x0000000770000000)
  to   space 10752K, 0% used [0x000000076eb00000,0x000000076eb00000,0x000000076f580000)
 ParOldGen       total 175104K, used 0K [0x00000006c0000000, 0x00000006cab00000, 0x000000076ab00000)
  object space 175104K, 0% used [0x00000006c0000000,0x00000006c0000000,0x00000006cab00000)
 Metaspace       used 14711K, capacity 15264K, committed 15488K, reserved 1062912K
  class space    used 1989K, capacity 2146K, committed 2176K, reserved 1048576K
Event: 2.139 GC heap after
Heap after GC invocations=1 (full 0):
 PSYoungGen      total 76288K, used 10726K [0x000000076ab00000, 0x0000000770000000, 0x00000007c0000000)
  eden space 65536K, 0% used [0x000000076ab00000,0x000000076ab00000,0x000000076eb00000)
  from space 10752K, 99% used [0x000000076eb00000,0x000000076f5799e0,0x000000076f580000)
  to   space 10752K, 0% used [0x000000076f580000,0x000000076f580000,0x0000000770000000)
 ParOldGen       total 175104K, used 7695K [0x00000006c0000000, 0x00000006cab00000, 0x000000076ab00000)
  object space 175104K, 4% used [0x00000006c0000000,0x00000006c0783d60,0x00000006cab00000)
 Metaspace       used 14711K, capacity 15264K, committed 15488K, reserved 1062912K
  class space    used 1989K, capacity 2146K, committed 2176K, reserved 1048576K
}
Event: 4.173 GC heap before
{Heap before GC invocations=2 (full 0):
 PSYoungGen      total 76288K, used 73207K [0x000000076ab00000, 0x0000000770000000, 0x00000007c0000000)
  eden space 65536K, 95% used [0x000000076ab00000,0x000000076e804248,0x000000076eb00000)
  from space 10752K, 99% used [0x000000076eb00000,0x000000076f5799e0,0x000000076f580000)
  to   space 10752K, 0% used [0x000000076f580000,0x000000076f580000,0x0000000770000000)
 ParOldGen       total 175104K, used 7695K [0x00000006c0000000, 0x00000006cab00000, 0x000000076ab00000)
  object space 175104K, 4% used [0x00000006c0000000,0x00000006c0783d60,0x00000006cab00000)
 Metaspace       used 20310K, capacity 21080K, committed 21296K, reserved 1067008K
  class space    used 2739K, capacity 2933K, committed 2944K, reserved 1048576K
Event: 4.186 GC heap after
Heap after GC invocations=2 (full 0):
 PSYoungGen      total 76288K, used 10726K [0x000000076ab00000, 0x0000000770000000, 0x00000007c0000000)
  eden space 65536K, 0% used [0x000000076ab00000,0x000000076ab00000,0x000000076eb00000)
  from space 10752K, 99% used [0x000000076f580000,0x000000076fff99e0,0x0000000770000000)
  to   space 10752K, 0% used [0x000000076eb00000,0x000000076eb00000,0x000000076f580000)
 ParOldGen       total 175104K, used 27732K [0x00000006c0000000, 0x00000006cab00000, 0x000000076ab00000)
  object space 175104K, 15% used [0x00000006c0000000,0x00000006c1b152b0,0x00000006cab00000)
 Metaspace       used 20310K, capacity 21080K, committed 21296K, reserved 1067008K
  class space    used 2739K, capacity 2933K, committed 2944K, reserved 1048576K
}
Event: 4.186 GC heap before
{Heap before GC invocations=3 (full 1):
 PSYoungGen      total 76288K, used 10726K [0x000000076ab00000, 0x0000000770000000, 0x00000007c0000000)
  eden space 65536K, 0% used [0x000000076ab00000,0x000000076ab00000,0x000000076eb00000)
  from space 10752K, 99% used [0x000000076f580000,0x000000076fff99e0,0x0000000770000000)
  to   space 10752K, 0% used [0x000000076eb00000,0x000000076eb00000,0x000000076f580000)
 ParOldGen       total 175104K, used 27732K [0x00000006c0000000, 0x00000006cab00000, 0x000000076ab00000)
  object space 175104K, 15% used [0x00000006c0000000,0x00000006c1b152b0,0x00000006cab00000)
 Metaspace       used 20310K, capacity 21080K, committed 21296K, reserved 1067008K
  class space    used 2739K, capacity 2933K, committed 2944K, reserved 1048576K
Event: 4.209 GC heap after
Heap after GC invocations=3 (full 1):
 PSYoungGen      total 76288K, used 0K [0x000000076ab00000, 0x0000000770000000, 0x00000007c0000000)
  eden space 65536K, 0% used [0x000000076ab00000,0x000000076ab00000,0x000000076eb00000)
  from space 10752K, 0% used [0x000000076f580000,0x000000076f580000,0x0000000770000000)
  to   space 10752K, 0% used [0x000000076eb00000,0x000000076eb00000,0x000000076f580000)
 ParOldGen       total 151040K, used 27992K [0x00000006c0000000, 0x00000006c9380000, 0x000000076ab00000)
  object space 151040K, 18% used [0x00000006c0000000,0x00000006c1b560c8,0x00000006c9380000)
 Metaspace       used 20310K, capacity 21080K, committed 21296K, reserved 1067008K
  class space    used 2739K, capacity 2933K, committed 2944K, reserved 1048576K
}

Deoptimization events (10 events):
Event: 5.271 Thread 0x00007fd4a78bb000 Uncommon trap: reason=unstable_if action=reinterpret pc=0x00000001162614f0 method=com.sun.media.jfxmediaimpl.MetadataParserImpl.getNextByte()B @ 4
Event: 5.273 Thread 0x00007fd4a8057800 Uncommon trap: reason=unstable_if action=reinterpret pc=0x0000000115e52684 method=java.lang.String.lastIndexOf([CII[CIII)I @ 66
Event: 15.237 Thread 0x00007fd4a8057800 Uncommon trap: reason=bimorphic action=maybe_recompile pc=0x000000011609c4e4 method=java.util.HashMap.putVal(ILjava/lang/Object;Ljava/lang/Object;ZZ)Ljava/lang/Object; @ 203
Event: 15.238 Thread 0x00007fd4a8057800 Uncommon trap: reason=bimorphic action=maybe_recompile pc=0x000000011609c4e4 method=java.util.HashMap.putVal(ILjava/lang/Object;Ljava/lang/Object;ZZ)Ljava/lang/Object; @ 203
Event: 15.238 Thread 0x00007fd4a8057800 Uncommon trap: reason=bimorphic action=maybe_recompile pc=0x000000011609c4e4 method=java.util.HashMap.putVal(ILjava/lang/Object;Ljava/lang/Object;ZZ)Ljava/lang/Object; @ 203
Event: 50.733 Thread 0x00007fd4a90a5800 Uncommon trap: reason=bimorphic action=maybe_recompile pc=0x00000001166cabb4 method=com.sun.javafx.sg.prism.NGNode.doRender(Lcom/sun/prism/Graphics;)V @ 200
Event: 50.733 Thread 0x00007fd4a90a5800 Uncommon trap: reason=bimorphic action=maybe_recompile pc=0x00000001166cabb4 method=com.sun.javafx.sg.prism.NGNode.doRender(Lcom/sun/prism/Graphics;)V @ 200
Event: 50.736 Thread 0x00007fd4a90a5800 Uncommon trap: reason=unstable_if action=reinterpret pc=0x000000011663a814 method=com.sun.prism.es2.ES2Shader.setConstant(Ljava/lang/String;F)V @ 48
Event: 50.797 Thread 0x00007fd4a90a5800 Uncommon trap: reason=unstable_if action=reinterpret pc=0x00000001165eaf50 method=com.sun.prism.es2.GLContext.updateViewportAndDepthTest(IIIIZ)V @ 30
Event: 51.014 Thread 0x00007fd4a90a5800 Uncommon trap: reason=unstable_if action=reinterpret pc=0x00000001165f1f88 method=com.sun.prism.es2.GLContext.updateViewportAndDepthTest(IIIIZ)V @ 30

Internal exceptions (10 events):
Event: 1.642 Thread 0x00007fd4a8057800 Exception <a 'java/lang/ArrayIndexOutOfBoundsException': 57> (0x000000076d85b6d0) thrown at [/Users/java_re/workspace/8-2-build-macosx-x86_64/jdk8u111/7883/hotspot/src/share/vm/interpreter/interpreterRuntime.cpp, line 366]
Event: 1.644 Thread 0x00007fd4a8057800 Exception <a 'java/io/FileNotFoundException'> (0x000000076d869060) thrown at [/Users/java_re/workspace/8-2-build-macosx-x86_64/jdk8u111/7883/hotspot/src/share/vm/prims/jni.cpp, line 709]
Event: 2.838 Thread 0x00007fd4a8057800 Exception <a 'java/lang/ArrayIndexOutOfBoundsException'> (0x000000076cb68f88) thrown at [/Users/java_re/workspace/8-2-build-macosx-x86_64/jdk8u111/7883/hotspot/src/share/vm/runtime/sharedRuntime.cpp, line 605]
Event: 2.847 Thread 0x00007fd4a8057800 Exception <a 'java/io/FileNotFoundException'> (0x000000076cdfa748) thrown at [/Users/java_re/workspace/8-2-build-macosx-x86_64/jdk8u111/7883/hotspot/src/share/vm/prims/jni.cpp, line 709]
Event: 2.853 Thread 0x00007fd4a8057800 Exception <a 'java/io/FileNotFoundException'> (0x000000076ce15438) thrown at [/Users/java_re/workspace/8-2-build-macosx-x86_64/jdk8u111/7883/hotspot/src/share/vm/prims/jni.cpp, line 709]
Event: 4.072 Thread 0x00007fd4a8057800 Exception <a 'java/io/FileNotFoundException'> (0x000000076e57a098) thrown at [/Users/java_re/workspace/8-2-build-macosx-x86_64/jdk8u111/7883/hotspot/src/share/vm/prims/jni.cpp, line 709]
Event: 4.073 Thread 0x00007fd4a8057800 Exception <a 'java/io/FileNotFoundException'> (0x000000076e57afc0) thrown at [/Users/java_re/workspace/8-2-build-macosx-x86_64/jdk8u111/7883/hotspot/src/share/vm/prims/jni.cpp, line 709]
Event: 4.210 Thread 0x00007fd4a8003800 Exception <a 'java/lang/NullPointerException'> (0x000000076abe20f8) thrown at [/Users/java_re/workspace/8-2-build-macosx-x86_64/jdk8u111/7883/hotspot/src/share/vm/interpreter/linkResolver.cpp, line 1178]
Event: 5.250 Thread 0x00007fd4a8057800 Implicit null exception at 0x0000000115e4cb75 to 0x0000000115e4cf35
Event: 5.250 Thread 0x00007fd4a8057800 Implicit null exception at 0x0000000115da1f76 to 0x0000000115da233d

Events (10 events):
Event: 52.185 Thread 0x00007fd4a730e000 Thread exited: 0x00007fd4a730e000
Event: 52.219 loading class com/sun/javafx/tk/quantum/QuantumRenderer
Event: 52.219 loading class com/sun/javafx/tk/quantum/QuantumRenderer done
Event: 52.219 loading class com/sun/javafx/tk/quantum/QuantumToolkit
Event: 52.219 loading class com/sun/javafx/tk/quantum/QuantumToolkit done
Event: 52.220 Thread 0x00007fd4a90a5800 Thread exited: 0x00007fd4a90a5800
Event: 52.220 Thread 0x00007fd4a8052000 Thread exited: 0x00007fd4a8052000
Event: 52.220 Thread 0x00007fd4a9801800 Thread exited: 0x00007fd4a9801800
Event: 52.220 Thread 0x00007fd4a8052000 Thread added: 0x00007fd4a8052000
Event: 52.220 Thread 0x00007fd4a8057800 Thread exited: 0x00007fd4a8057800


Dynamic libraries:
0x0000000037a96000 	/System/Library/Frameworks/Cocoa.framework/Versions/A/Cocoa
0x0000000037a96000 	/System/Library/Frameworks/Security.framework/Versions/A/Security
0x0000000037a96000 	/System/Library/Frameworks/ApplicationServices.framework/Versions/A/ApplicationServices
0x0000000037a96000 	/usr/lib/libz.1.dylib
0x0000000037a96000 	/usr/lib/libSystem.B.dylib
0x0000000037a96000 	/usr/lib/libobjc.A.dylib
0x0000000037a96000 	/System/Library/Frameworks/CoreFoundation.framework/Versions/A/CoreFoundation
0x0000000037a96000 	/System/Library/Frameworks/Foundation.framework/Versions/C/Foundation
0x0000000037a96000 	/System/Library/Frameworks/AppKit.framework/Versions/C/AppKit
0x0000000037a96000 	/System/Library/Frameworks/CoreData.framework/Versions/A/CoreData
0x0000000037a96000 	/System/Library/PrivateFrameworks/RemoteViewServices.framework/Versions/A/RemoteViewServices
0x0000000037a96000 	/System/Library/PrivateFrameworks/UIFoundation.framework/Versions/A/UIFoundation
0x0000000037a96000 	/System/Library/PrivateFrameworks/DFRFoundation.framework/Versions/A/DFRFoundation
0x0000000037a96000 	/usr/lib/libenergytrace.dylib
0x0000000037a96000 	/System/Library/PrivateFrameworks/SkyLight.framework/Versions/A/SkyLight
0x0000000037a96000 	/System/Library/Frameworks/CoreGraphics.framework/Versions/A/CoreGraphics
0x0000000037a96000 	/usr/lib/libScreenReader.dylib
0x0000000037a96000 	/System/Library/Frameworks/Accelerate.framework/Versions/A/Accelerate
0x0000000037a96000 	/System/Library/Frameworks/IOSurface.framework/Versions/A/IOSurface
0x0000000037a96000 	/System/Library/Frameworks/AudioToolbox.framework/Versions/A/AudioToolbox
0x0000000037a96000 	/System/Library/Frameworks/AudioUnit.framework/Versions/A/AudioUnit
0x0000000037a96000 	/System/Library/PrivateFrameworks/DataDetectorsCore.framework/Versions/A/DataDetectorsCore
0x0000000037a96000 	/System/Library/PrivateFrameworks/DesktopServicesPriv.framework/Versions/A/DesktopServicesPriv
0x0000000037a96000 	/System/Library/Frameworks/Carbon.framework/Versions/A/Frameworks/HIToolbox.framework/Versions/A/HIToolbox
0x0000000037a96000 	/usr/lib/libicucore.A.dylib
0x0000000037a96000 	/System/Library/Frameworks/QuartzCore.framework/Versions/A/QuartzCore
0x0000000037a96000 	/System/Library/Frameworks/Carbon.framework/Versions/A/Frameworks/SpeechRecognition.framework/Versions/A/SpeechRecognition
0x0000000037a96000 	/usr/lib/libauto.dylib
0x0000000037a96000 	/usr/lib/libxml2.2.dylib
0x0000000037a96000 	/System/Library/PrivateFrameworks/CoreUI.framework/Versions/A/CoreUI
0x0000000037a96000 	/System/Library/Frameworks/CoreAudio.framework/Versions/A/CoreAudio
0x0000000037a96000 	/System/Library/Frameworks/DiskArbitration.framework/Versions/A/DiskArbitration
0x0000000037a96000 	/usr/lib/liblangid.dylib
0x0000000037a96000 	/System/Library/PrivateFrameworks/MultitouchSupport.framework/Versions/A/MultitouchSupport
0x0000000037a96000 	/System/Library/Frameworks/IOKit.framework/Versions/A/IOKit
0x0000000037a96000 	/usr/lib/libDiagnosticMessagesClient.dylib
0x0000000037a96000 	/System/Library/Frameworks/CoreServices.framework/Versions/A/CoreServices
0x0000000037a96000 	/System/Library/PrivateFrameworks/PerformanceAnalysis.framework/Versions/A/PerformanceAnalysis
0x0000000037a96000 	/System/Library/PrivateFrameworks/GenerationalStorage.framework/Versions/A/GenerationalStorage
0x0000000037a96000 	/System/Library/Frameworks/OpenGL.framework/Versions/A/OpenGL
0x0000000037a96000 	/System/Library/Frameworks/CoreImage.framework/Versions/A/CoreImage
0x0000000037a96000 	/System/Library/Frameworks/CoreText.framework/Versions/A/CoreText
0x0000000037a96000 	/System/Library/Frameworks/ImageIO.framework/Versions/A/ImageIO
0x0000000037a96000 	/System/Library/PrivateFrameworks/Backup.framework/Versions/A/Backup
0x0000000037a96000 	/usr/lib/libarchive.2.dylib
0x0000000037a96000 	/System/Library/Frameworks/CFNetwork.framework/Versions/A/CFNetwork
0x0000000037a96000 	/System/Library/Frameworks/SystemConfiguration.framework/Versions/A/SystemConfiguration
0x0000000037a96000 	/usr/lib/libCRFSuite.dylib
0x0000000037a96000 	/usr/lib/libc++.1.dylib
0x0000000037a96000 	/usr/lib/libc++abi.dylib
0x0000000037a96000 	/usr/lib/system/libcache.dylib
0x0000000037a96000 	/usr/lib/system/libcommonCrypto.dylib
0x0000000037a96000 	/usr/lib/system/libcompiler_rt.dylib
0x0000000037a96000 	/usr/lib/system/libcopyfile.dylib
0x0000000037a96000 	/usr/lib/system/libcorecrypto.dylib
0x0000000037a96000 	/usr/lib/system/libdispatch.dylib
0x0000000037a96000 	/usr/lib/system/libdyld.dylib
0x0000000037a96000 	/usr/lib/system/libkeymgr.dylib
0x0000000037a96000 	/usr/lib/system/liblaunch.dylib
0x0000000037a96000 	/usr/lib/system/libmacho.dylib
0x0000000037a96000 	/usr/lib/system/libquarantine.dylib
0x0000000037a96000 	/usr/lib/system/libremovefile.dylib
0x0000000037a96000 	/usr/lib/system/libsystem_asl.dylib
0x0000000037a96000 	/usr/lib/system/libsystem_blocks.dylib
0x0000000037a96000 	/usr/lib/system/libsystem_c.dylib
0x0000000037a96000 	/usr/lib/system/libsystem_configuration.dylib
0x0000000037a96000 	/usr/lib/system/libsystem_coreservices.dylib
0x0000000037a96000 	/usr/lib/system/libsystem_coretls.dylib
0x0000000037a96000 	/usr/lib/system/libsystem_dnssd.dylib
0x0000000037a96000 	/usr/lib/system/libsystem_info.dylib
0x0000000037a96000 	/usr/lib/system/libsystem_kernel.dylib
0x0000000037a96000 	/usr/lib/system/libsystem_m.dylib
0x0000000037a96000 	/usr/lib/system/libsystem_malloc.dylib
0x0000000037a96000 	/usr/lib/system/libsystem_network.dylib
0x0000000037a96000 	/usr/lib/system/libsystem_networkextension.dylib
0x0000000037a96000 	/usr/lib/system/libsystem_notify.dylib
0x0000000037a96000 	/usr/lib/system/libsystem_platform.dylib
0x0000000037a96000 	/usr/lib/system/libsystem_pthread.dylib
0x0000000037a96000 	/usr/lib/system/libsystem_sandbox.dylib
0x0000000037a96000 	/usr/lib/system/libsystem_secinit.dylib
0x0000000037a96000 	/usr/lib/system/libsystem_symptoms.dylib
0x0000000037a96000 	/usr/lib/system/libsystem_trace.dylib
0x0000000037a96000 	/usr/lib/system/libunwind.dylib
0x0000000037a96000 	/usr/lib/system/libxpc.dylib
0x0000000037a96000 	/usr/lib/libbsm.0.dylib
0x0000000037a96000 	/usr/lib/system/libkxld.dylib
0x0000000037a96000 	/usr/lib/libcoretls.dylib
0x0000000037a96000 	/usr/lib/libcoretls_cfhelpers.dylib
0x0000000037a96000 	/usr/lib/libxar.1.dylib
0x0000000037a96000 	/usr/lib/libsqlite3.dylib
0x0000000037a96000 	/usr/lib/libpam.2.dylib
0x0000000037a96000 	/usr/lib/libOpenScriptingUtil.dylib
0x0000000037a96000 	/usr/lib/libbz2.1.0.dylib
0x0000000037a96000 	/usr/lib/liblzma.5.dylib
0x0000000037a96000 	/usr/lib/libnetwork.dylib
0x0000000037a96000 	/usr/lib/libpcap.A.dylib
0x0000000037a96000 	/System/Library/Frameworks/CoreServices.framework/Versions/A/Frameworks/FSEvents.framework/Versions/A/FSEvents
0x0000000037a96000 	/System/Library/Frameworks/CoreServices.framework/Versions/A/Frameworks/CarbonCore.framework/Versions/A/CarbonCore
0x0000000037a96000 	/System/Library/Frameworks/CoreServices.framework/Versions/A/Frameworks/Metadata.framework/Versions/A/Metadata
0x0000000037a96000 	/System/Library/Frameworks/CoreServices.framework/Versions/A/Frameworks/OSServices.framework/Versions/A/OSServices
0x0000000037a96000 	/System/Library/Frameworks/CoreServices.framework/Versions/A/Frameworks/SearchKit.framework/Versions/A/SearchKit
0x0000000037a96000 	/System/Library/Frameworks/CoreServices.framework/Versions/A/Frameworks/AE.framework/Versions/A/AE
0x0000000037a96000 	/System/Library/Frameworks/CoreServices.framework/Versions/A/Frameworks/LaunchServices.framework/Versions/A/LaunchServices
0x0000000037a96000 	/System/Library/Frameworks/CoreServices.framework/Versions/A/Frameworks/DictionaryServices.framework/Versions/A/DictionaryServices
0x0000000037a96000 	/System/Library/Frameworks/CoreServices.framework/Versions/A/Frameworks/SharedFileList.framework/Versions/A/SharedFileList
0x0000000037a96000 	/System/Library/Frameworks/NetFS.framework/Versions/A/NetFS
0x0000000037a96000 	/System/Library/PrivateFrameworks/NetAuth.framework/Versions/A/NetAuth
0x0000000037a96000 	/System/Library/PrivateFrameworks/login.framework/Versions/A/Frameworks/loginsupport.framework/Versions/A/loginsupport
0x0000000037a96000 	/System/Library/PrivateFrameworks/TCC.framework/Versions/A/TCC
0x0000000037a96000 	/usr/lib/libmecabra.dylib
0x0000000037a96000 	/System/Library/Frameworks/ApplicationServices.framework/Versions/A/Frameworks/ATS.framework/Versions/A/ATS
0x0000000037a96000 	/System/Library/Frameworks/ApplicationServices.framework/Versions/A/Frameworks/ColorSync.framework/Versions/A/ColorSync
0x0000000037a96000 	/System/Library/Frameworks/ApplicationServices.framework/Versions/A/Frameworks/HIServices.framework/Versions/A/HIServices
0x0000000037a96000 	/System/Library/Frameworks/ApplicationServices.framework/Versions/A/Frameworks/LangAnalysis.framework/Versions/A/LangAnalysis
0x0000000037a96000 	/System/Library/Frameworks/ApplicationServices.framework/Versions/A/Frameworks/PrintCore.framework/Versions/A/PrintCore
0x0000000037a96000 	/System/Library/Frameworks/ApplicationServices.framework/Versions/A/Frameworks/QD.framework/Versions/A/QD
0x0000000037a96000 	/System/Library/Frameworks/ApplicationServices.framework/Versions/A/Frameworks/SpeechSynthesis.framework/Versions/A/SpeechSynthesis
0x0000000037a96000 	/System/Library/Frameworks/Accelerate.framework/Versions/A/Frameworks/vImage.framework/Versions/A/vImage
0x0000000037a96000 	/System/Library/Frameworks/Accelerate.framework/Versions/A/Frameworks/vecLib.framework/Versions/A/vecLib
0x0000000037a96000 	/System/Library/Frameworks/Accelerate.framework/Versions/A/Frameworks/vecLib.framework/Versions/A/libvDSP.dylib
0x0000000037a96000 	/System/Library/Frameworks/Accelerate.framework/Versions/A/Frameworks/vecLib.framework/Versions/A/libBNNS.dylib
0x0000000037a96000 	/System/Library/Frameworks/Accelerate.framework/Versions/A/Frameworks/vecLib.framework/Versions/A/libQuadrature.dylib
0x0000000037a96000 	/System/Library/Frameworks/Accelerate.framework/Versions/A/Frameworks/vecLib.framework/Versions/A/libvMisc.dylib
0x0000000037a96000 	/System/Library/Frameworks/Accelerate.framework/Versions/A/Frameworks/vecLib.framework/Versions/A/libLAPACK.dylib
0x0000000037a96000 	/System/Library/Frameworks/Accelerate.framework/Versions/A/Frameworks/vecLib.framework/Versions/A/libBLAS.dylib
0x0000000037a96000 	/System/Library/Frameworks/Accelerate.framework/Versions/A/Frameworks/vecLib.framework/Versions/A/libLinearAlgebra.dylib
0x0000000037a96000 	/System/Library/Frameworks/Accelerate.framework/Versions/A/Frameworks/vecLib.framework/Versions/A/libSparseBLAS.dylib
0x0000000037a96000 	/System/Library/Frameworks/ApplicationServices.framework/Versions/A/Frameworks/ATS.framework/Versions/A/Resources/libFontParser.dylib
0x0000000037a96000 	/System/Library/Frameworks/ApplicationServices.framework/Versions/A/Frameworks/ATS.framework/Versions/A/Resources/libFontRegistry.dylib
0x0000000037a96000 	/System/Library/Frameworks/ImageIO.framework/Versions/A/Resources/libJPEG.dylib
0x0000000037a96000 	/System/Library/Frameworks/ImageIO.framework/Versions/A/Resources/libTIFF.dylib
0x0000000037a96000 	/System/Library/Frameworks/ImageIO.framework/Versions/A/Resources/libPng.dylib
0x0000000037a96000 	/System/Library/Frameworks/ImageIO.framework/Versions/A/Resources/libGIF.dylib
0x0000000037a96000 	/System/Library/Frameworks/ImageIO.framework/Versions/A/Resources/libJP2.dylib
0x0000000037a96000 	/System/Library/Frameworks/ImageIO.framework/Versions/A/Resources/libRadiance.dylib
0x0000000037a96000 	/usr/lib/libcompression.dylib
0x0000000037a96000 	/System/Library/PrivateFrameworks/AppleJPEG.framework/Versions/A/AppleJPEG
0x0000000037a96000 	/usr/lib/libcups.2.dylib
0x0000000037a96000 	/System/Library/Frameworks/Kerberos.framework/Versions/A/Kerberos
0x0000000037a96000 	/System/Library/Frameworks/GSS.framework/Versions/A/GSS
0x0000000037a96000 	/usr/lib/libresolv.9.dylib
0x0000000037a96000 	/usr/lib/libiconv.2.dylib
0x0000000037a96000 	/System/Library/PrivateFrameworks/Heimdal.framework/Versions/A/Heimdal
0x0000000037a96000 	/usr/lib/libheimdal-asn1.dylib
0x0000000037a96000 	/System/Library/Frameworks/OpenDirectory.framework/Versions/A/OpenDirectory
0x0000000037a96000 	/System/Library/PrivateFrameworks/CommonAuth.framework/Versions/A/CommonAuth
0x0000000037a96000 	/System/Library/Frameworks/OpenDirectory.framework/Versions/A/Frameworks/CFOpenDirectory.framework/Versions/A/CFOpenDirectory
0x0000000037a96000 	/System/Library/Frameworks/SecurityFoundation.framework/Versions/A/SecurityFoundation
0x0000000037a96000 	/System/Library/PrivateFrameworks/LanguageModeling.framework/Versions/A/LanguageModeling
0x0000000037a96000 	/usr/lib/libmarisa.dylib
0x0000000037a96000 	/usr/lib/libChineseTokenizer.dylib
0x0000000037a96000 	/usr/lib/libcmph.dylib
0x0000000037a96000 	/System/Library/PrivateFrameworks/CoreEmoji.framework/Versions/A/CoreEmoji
0x0000000037a96000 	/System/Library/Frameworks/ServiceManagement.framework/Versions/A/ServiceManagement
0x0000000037a96000 	/usr/lib/libxslt.1.dylib
0x0000000037a96000 	/System/Library/Frameworks/Carbon.framework/Versions/A/Frameworks/Ink.framework/Versions/A/Ink
0x0000000037a96000 	/System/Library/PrivateFrameworks/TextureIO.framework/Versions/A/TextureIO
0x0000000037a96000 	/System/Library/Frameworks/Metal.framework/Versions/A/Metal
0x0000000037a96000 	/usr/lib/libate.dylib
0x0000000037a96000 	/System/Library/PrivateFrameworks/GPUCompiler.framework/libmetal_timestamp.dylib
0x0000000037a96000 	/System/Library/Frameworks/OpenGL.framework/Versions/A/Libraries/libCoreFSCache.dylib
0x0000000037a96000 	/System/Library/PrivateFrameworks/IOAccelerator.framework/Versions/A/IOAccelerator
0x0000000037a96000 	/System/Library/Frameworks/CoreVideo.framework/Versions/A/CoreVideo
0x0000000037a96000 	/usr/lib/libFosl_dynamic.dylib
0x0000000037a96000 	/System/Library/PrivateFrameworks/MetalPerformanceShaders.framework/Versions/A/MetalPerformanceShaders
0x0000000037a96000 	/System/Library/PrivateFrameworks/FaceCore.framework/Versions/A/FaceCore
0x0000000037a96000 	/System/Library/Frameworks/OpenCL.framework/Versions/A/OpenCL
0x0000000037a96000 	/System/Library/Frameworks/OpenGL.framework/Versions/A/Libraries/libGLU.dylib
0x0000000037a96000 	/System/Library/Frameworks/OpenGL.framework/Versions/A/Libraries/libGFXShared.dylib
0x0000000037a96000 	/System/Library/Frameworks/OpenGL.framework/Versions/A/Libraries/libGL.dylib
0x0000000037a96000 	/System/Library/Frameworks/OpenGL.framework/Versions/A/Libraries/libGLImage.dylib
0x0000000037a96000 	/System/Library/Frameworks/OpenGL.framework/Versions/A/Libraries/libCVMSPluginSupport.dylib
0x0000000037a96000 	/System/Library/Frameworks/OpenGL.framework/Versions/A/Libraries/libCoreVMClient.dylib
0x0000000037a96000 	/System/Library/PrivateFrameworks/CrashReporterSupport.framework/Versions/A/CrashReporterSupport
0x0000000037a96000 	/System/Library/PrivateFrameworks/Sharing.framework/Versions/A/Sharing
0x0000000037a96000 	/System/Library/PrivateFrameworks/IconServices.framework/Versions/A/IconServices
0x0000000037a96000 	/System/Library/PrivateFrameworks/ProtocolBuffer.framework/Versions/A/ProtocolBuffer
0x0000000037a96000 	/System/Library/PrivateFrameworks/Apple80211.framework/Versions/A/Apple80211
0x0000000037a96000 	/System/Library/Frameworks/CoreWLAN.framework/Versions/A/CoreWLAN
0x0000000037a96000 	/System/Library/PrivateFrameworks/CoreUtils.framework/Versions/A/CoreUtils
0x0000000037a96000 	/System/Library/Frameworks/IOBluetooth.framework/Versions/A/IOBluetooth
0x0000000037a96000 	/System/Library/PrivateFrameworks/CoreWiFi.framework/Versions/A/CoreWiFi
0x0000000037a96000 	/System/Library/Frameworks/CoreBluetooth.framework/Versions/A/CoreBluetooth
0x0000000037a96000 	/System/Library/Frameworks/CoreDisplay.framework/Versions/A/CoreDisplay
0x0000000037a96000 	/System/Library/PrivateFrameworks/IOPresentment.framework/Versions/A/IOPresentment
0x0000000037a96000 	/System/Library/PrivateFrameworks/DebugSymbols.framework/Versions/A/DebugSymbols
0x0000000037a96000 	/System/Library/PrivateFrameworks/CoreSymbolication.framework/Versions/A/CoreSymbolication
0x0000000037a96000 	/System/Library/PrivateFrameworks/Symbolication.framework/Versions/A/Symbolication
0x0000000037a96000 	/System/Library/PrivateFrameworks/AppleFSCompression.framework/Versions/A/AppleFSCompression
0x0000000037a96000 	/System/Library/PrivateFrameworks/SpeechRecognitionCore.framework/Versions/A/SpeechRecognitionCore
0x0000000037a96000 	/System/Library/PrivateFrameworks/ChunkingLibrary.framework/Versions/A/ChunkingLibrary
0x0000000109600000 	/Library/Java/JavaVirtualMachines/jdk1.8.0_111.jdk/Contents/Home/jre/lib/server/libjvm.dylib
0x0000000037a96000 	/usr/lib/libstdc++.6.dylib
0x000000010853b000 	/Library/Java/JavaVirtualMachines/jdk1.8.0_111.jdk/Contents/Home/jre/lib/libverify.dylib
0x0000000108549000 	/Library/Java/JavaVirtualMachines/jdk1.8.0_111.jdk/Contents/Home/jre/lib/libjava.dylib
0x0000000108588000 	/Library/Java/JavaVirtualMachines/jdk1.8.0_111.jdk/Contents/Home/jre/lib/libzip.dylib
0x00000001085e2000 	/System/Library/Frameworks/JavaVM.framework/Frameworks/JavaRuntimeSupport.framework/JavaRuntimeSupport
0x0000000115ae7000 	/System/Library/Frameworks/JavaVM.framework/Versions/A/Frameworks/JavaNativeFoundation.framework/Versions/A/JavaNativeFoundation
0x00000001256ad000 	/System/Library/Frameworks/JavaVM.framework/Versions/A/JavaVM
0x0000000037a96000 	/System/Library/Frameworks/Carbon.framework/Versions/A/Carbon
0x00000001256ba000 	/System/Library/PrivateFrameworks/JavaLaunching.framework/Versions/A/JavaLaunching
0x0000000037a96000 	/System/Library/Frameworks/Carbon.framework/Versions/A/Frameworks/CommonPanels.framework/Versions/A/CommonPanels
0x0000000037a96000 	/System/Library/Frameworks/Carbon.framework/Versions/A/Frameworks/Help.framework/Versions/A/Help
0x0000000037a96000 	/System/Library/Frameworks/Carbon.framework/Versions/A/Frameworks/ImageCapture.framework/Versions/A/ImageCapture
0x0000000037a96000 	/System/Library/Frameworks/Carbon.framework/Versions/A/Frameworks/OpenScripting.framework/Versions/A/OpenScripting
0x0000000037a96000 	/System/Library/Frameworks/Carbon.framework/Versions/A/Frameworks/Print.framework/Versions/A/Print
0x0000000037a96000 	/System/Library/Frameworks/Carbon.framework/Versions/A/Frameworks/SecurityHI.framework/Versions/A/SecurityHI
0x00000001270f8000 	/Applications/IntelliJ IDEA CE.app/Contents/bin/libbreakgen64.jnilib
0x00000001270fb000 	/Library/Java/JavaVirtualMachines/jdk1.8.0_111.jdk/Contents/Home/jre/lib/libnet.dylib
0x00000001271f0000 	/Library/Java/JavaVirtualMachines/jdk1.8.0_111.jdk/Contents/Home/jre/lib/libprism_es2.dylib
0x0000000037a96000 	/System/Library/Frameworks/OpenGL.framework/Versions/A/Resources/GLEngine.bundle/GLEngine
0x0000000037a96000 	/System/Library/Frameworks/OpenGL.framework/Versions/A/Libraries/libGLProgrammability.dylib
0x0000000127256000 	/System/Library/Extensions/AppleIntelSKLGraphicsGLDriver.bundle/Contents/MacOS/AppleIntelSKLGraphicsGLDriver
0x0000000037a96000 	/System/Library/PrivateFrameworks/GPUSupport.framework/Versions/A/Libraries/libGPUSupportMercury.dylib
0x0000000128008000 	/System/Library/Extensions/AMDRadeonX4000GLDriver.bundle/Contents/MacOS/AMDRadeonX4000GLDriver
0x00000001280e6000 	/System/Library/Extensions/AMDRadeonX4000GLDriver.bundle/Contents/MacOS/ATIRadeonX4000SCLib.dylib
0x0000000037a96000 	/System/Library/Frameworks/OpenGL.framework/Versions/A/Resources/GLRendererFloat.bundle/GLRendererFloat
0x0000000037a96000 	/System/Library/Frameworks/OpenCL.framework/Versions/A/Libraries/libcldcpuengine.dylib
0x0000000037a96000 	/usr/lib/libcrypto.0.9.8.dylib
0x0000000037a96000 	/System/Library/PrivateFrameworks/TrustEvaluationAgent.framework/Versions/A/TrustEvaluationAgent
0x00000001286ce000 	/Library/Java/JavaVirtualMachines/jdk1.8.0_111.jdk/Contents/Home/jre/lib/libglass.dylib
0x0000000037a96000 	/System/Library/PrivateFrameworks/CoreServicesInternal.framework/Versions/A/CoreServicesInternal
0x0000000037a96000 	/System/Library/CoreServices/RawCamera.bundle/Contents/MacOS/RawCamera
0x0000000037a96000 	/System/Library/Frameworks/Accelerate.framework/Versions/A/Frameworks/vImage.framework/Versions/A/Libraries/libCGInterfaces.dylib
0x0000000037a96000 	/System/Library/PrivateFrameworks/FamilyControls.framework/Versions/A/FamilyControls
0x0000000037a96000 	/System/Library/PrivateFrameworks/CommerceKit.framework/Versions/A/Frameworks/CommerceCore.framework/Versions/A/CommerceCore
0x0000000037a96000 	/System/Library/PrivateFrameworks/SystemAdministration.framework/Versions/A/SystemAdministration
0x0000000037a96000 	/System/Library/PrivateFrameworks/AppContainer.framework/Versions/A/AppContainer
0x0000000037a96000 	/System/Library/PrivateFrameworks/SecCodeWrapper.framework/Versions/A/SecCodeWrapper
0x0000000037a96000 	/System/Library/Frameworks/DirectoryService.framework/Versions/A/DirectoryService
0x0000000037a96000 	/System/Library/PrivateFrameworks/DiskImages.framework/Versions/A/DiskImages
0x0000000037a96000 	/System/Library/PrivateFrameworks/LoginUIKit.framework/Versions/A/Frameworks/LoginUICore.framework/Versions/A/LoginUICore
0x0000000037a96000 	/usr/lib/libCoreStorage.dylib
0x0000000037a96000 	/usr/lib/libcsfde.dylib
0x0000000037a96000 	/usr/lib/libodfde.dylib
0x0000000037a96000 	/System/Library/Frameworks/DiscRecording.framework/Versions/A/DiscRecording
0x0000000037a96000 	/usr/lib/libcurl.4.dylib
0x0000000037a96000 	/System/Library/PrivateFrameworks/MediaKit.framework/Versions/A/MediaKit
0x0000000037a96000 	/System/Library/PrivateFrameworks/ProtectedCloudStorage.framework/Versions/A/ProtectedCloudStorage
0x0000000037a96000 	/System/Library/PrivateFrameworks/EFILogin.framework/Versions/A/EFILogin
0x0000000037a96000 	/usr/lib/libutil.dylib
0x0000000037a96000 	/System/Library/Frameworks/LDAP.framework/Versions/A/LDAP
0x0000000037a96000 	/usr/lib/libsasl2.2.dylib
0x0000000037a96000 	/System/Library/PrivateFrameworks/CoreDaemon.framework/Versions/B/CoreDaemon
0x0000000037a96000 	/System/Library/PrivateFrameworks/AppleSRP.framework/Versions/A/AppleSRP
0x0000000037a96000 	/System/Library/PrivateFrameworks/APFS.framework/Versions/A/APFS
0x000000012c290000 	/Library/Java/JavaVirtualMachines/jdk1.8.0_111.jdk/Contents/Home/jre/lib/libjavafx_iio.dylib
0x000000012c2ce000 	/Library/Java/JavaVirtualMachines/jdk1.8.0_111.jdk/Contents/Home/jre/lib/libjavafx_font.dylib
0x0000000037a96000 	/System/Library/Frameworks/ApplicationServices.framework/Versions/A/Frameworks/ATS.framework/Versions/A/Resources/libTrueTypeScaler.dylib
0x0000000037a96000 	/System/Library/Extensions/AMDMTLBronzeDriver.bundle/Contents/MacOS/AMDMTLBronzeDriver
0x0000000037a96000 	/System/Library/PrivateFrameworks/IOAccelMemoryInfo.framework/Versions/A/IOAccelMemoryInfo
0x000000012ec00000 	/System/Library/Extensions/AppleIntelSKLGraphicsMTLDriver.bundle/Contents/MacOS/AppleIntelSKLGraphicsMTLDriver
0x0000000037a96000 	/System/Library/PrivateFrameworks/ViewBridge.framework/Versions/A/ViewBridge
0x0000000037a96000 	/System/Library/PrivateFrameworks/XPCService.framework/Versions/A/XPCService
0x0000000037a96000 	/System/Library/PrivateFrameworks/AppSandbox.framework/Versions/A/AppSandbox
0x0000000037a96000 	/usr/lib/libsandbox.1.dylib
0x0000000037a96000 	/usr/lib/libMatch.1.dylib
0x000000012ede8000 	/Library/Java/JavaVirtualMachines/jdk1.8.0_111.jdk/Contents/Home/jre/lib/libprism_common.dylib
0x000000012c48e000 	/Library/Java/JavaVirtualMachines/jdk1.8.0_111.jdk/Contents/Home/jre/lib/libnio.dylib
0x000000012d65a000 	/Library/Java/JavaVirtualMachines/jdk1.8.0_111.jdk/Contents/Home/jre/lib/libawt.dylib
0x000000012e5da000 	/Library/Java/JavaVirtualMachines/jdk1.8.0_111.jdk/Contents/Home/jre/lib/./libmlib_image.dylib
0x000000012e6a6000 	/Library/Java/JavaVirtualMachines/jdk1.8.0_111.jdk/Contents/Home/jre/lib/libawt_lwawt.dylib
0x000000012c850000 	/Library/Java/JavaVirtualMachines/jdk1.8.0_111.jdk/Contents/Home/jre/lib/./libosxapp.dylib
0x0000000037a96000 	/System/Library/Frameworks/ExceptionHandling.framework/Versions/A/ExceptionHandling
0x000000012e75b000 	/Library/Java/JavaVirtualMachines/jdk1.8.0_111.jdk/Contents/Home/jre/lib/libfontmanager.dylib
0x000000012cc7a000 	/Library/Java/JavaVirtualMachines/jdk1.8.0_111.jdk/Contents/Home/jre/lib/libosxui.dylib
0x00000001ba2b8000 	/Library/Java/JavaVirtualMachines/jdk1.8.0_111.jdk/Contents/Home/jre/lib/libglib-lite.dylib
0x00000001ba3d9000 	/Library/Java/JavaVirtualMachines/jdk1.8.0_111.jdk/Contents/Home/jre/lib/libgstreamer-lite.dylib
0x00000001ba552000 	/Library/Java/JavaVirtualMachines/jdk1.8.0_111.jdk/Contents/Home/jre/lib/libjfxmedia.dylib
0x00000001ba58d000 	/Library/Java/JavaVirtualMachines/jdk1.8.0_111.jdk/Contents/Home/jre/lib/libjfxmedia_avf.dylib
0x0000000037a96000 	/System/Library/Frameworks/AVFoundation.framework/Versions/A/AVFoundation
0x0000000037a96000 	/System/Library/Frameworks/CoreMedia.framework/Versions/A/CoreMedia
0x0000000037a96000 	/System/Library/Frameworks/MediaToolbox.framework/Versions/A/MediaToolbox
0x0000000037a96000 	/System/Library/Frameworks/AVFoundation.framework/Versions/A/Frameworks/AVFAudio.framework/Versions/A/AVFAudio
0x0000000037a96000 	/System/Library/Frameworks/VideoToolbox.framework/Versions/A/VideoToolbox
0x0000000037a96000 	/System/Library/PrivateFrameworks/IntlPreferences.framework/Versions/A/IntlPreferences
0x0000000037a96000 	/System/Library/Frameworks/CoreMediaIO.framework/Versions/A/CoreMediaIO
0x0000000037a96000 	/usr/lib/libspindump.dylib
0x0000000037a96000 	/usr/lib/libdscsym.dylib
0x0000000037a96000 	/System/Library/PrivateFrameworks/CoreAVCHD.framework/Versions/A/CoreAVCHD
0x0000000037a96000 	/System/Library/Frameworks/MediaAccessibility.framework/Versions/A/MediaAccessibility
0x0000000037a96000 	/System/Library/PrivateFrameworks/Mangrove.framework/Versions/A/Mangrove
0x0000000037a96000 	/System/Library/PrivateFrameworks/CoreAUC.framework/Versions/A/CoreAUC
0x0000000037a96000 	/System/Library/PrivateFrameworks/AppleVA.framework/Versions/A/AppleVA
0x00000001ba5c2000 	/Library/Java/JavaVirtualMachines/jdk1.8.0_111.jdk/Contents/Home/jre/lib/libjfxmedia_qtkit.dylib
0x0000000037a96000 	/System/Library/Frameworks/QTKit.framework/Versions/A/QTKit
0x0000000037a96000 	/System/Library/PrivateFrameworks/CoreMediaAuthoring.framework/Versions/A/CoreMediaAuthoring
0x00000001ba5cf000 	/Library/Java/JavaVirtualMachines/jdk1.8.0_111.jdk/Contents/Home/jre/lib/libfxplugins.dylib
0x00000001ba5fa000 	/System/Library/Frameworks/VideoDecodeAcceleration.framework/Versions/A/VideoDecodeAcceleration
0x00000001ba800000 	/System/Library/Extensions/AppleHDA.kext/Contents/PlugIns/AppleHDAHALPlugIn.bundle/Contents/MacOS/AppleHDAHALPlugIn
0x00000001ba88a000 	/System/Library/Components/CoreAudio.component/Contents/MacOS/CoreAudio
0x00000001bab5e000 	/System/Library/Components/AudioCodecs.component/Contents/MacOS/AudioCodecs
0x0000000037a96000 	/System/Library/PrivateFrameworks/FinderKit.framework/Versions/A/FinderKit
0x0000000037a96000 	/System/Library/Frameworks/Quartz.framework/Versions/A/Frameworks/QuickLookUI.framework/Versions/A/QuickLookUI
0x0000000037a96000 	/System/Library/Frameworks/Quartz.framework/Versions/A/Frameworks/ImageKit.framework/Versions/A/ImageKit
0x0000000037a96000 	/System/Library/PrivateFrameworks/Bom.framework/Versions/A/Bom
0x0000000037a96000 	/System/Library/Frameworks/QuickLook.framework/Versions/A/QuickLook
0x0000000037a96000 	/System/Library/PrivateFrameworks/Suggestions.framework/Versions/A/Suggestions
0x0000000037a96000 	/System/Library/PrivateFrameworks/AppleSystemInfo.framework/Versions/A/AppleSystemInfo
0x0000000037a96000 	/System/Library/Frameworks/ImageCaptureCore.framework/Versions/A/ImageCaptureCore
0x0000000037a96000 	/System/Library/Frameworks/SafariServices.framework/Versions/A/SafariServices
0x0000000037a96000 	/System/Library/PrivateFrameworks/MobileKeyBag.framework/Versions/A/MobileKeyBag
0x0000000037a96000 	/System/Library/PrivateFrameworks/QuickLookThumbnailing.framework/Versions/A/QuickLookThumbnailing
0x0000000037a96000 	/System/Library/PrivateFrameworks/DisplayServices.framework/Versions/A/DisplayServices
0x0000000037a96000 	/System/Library/Frameworks/Quartz.framework/Versions/A/Frameworks/PDFKit.framework/Versions/A/PDFKit
0x0000000037a96000 	/System/Library/Frameworks/Quartz.framework/Versions/A/Frameworks/QuartzComposer.framework/Versions/A/QuartzComposer
0x0000000037a96000 	/System/Library/Frameworks/Quartz.framework/Versions/A/Frameworks/QuartzFilters.framework/Versions/A/QuartzFilters
0x0000000037a96000 	/System/Library/PrivateFrameworks/CorePDF.framework/Versions/A/CorePDF
0x0000000037a96000 	/System/Library/Frameworks/JavaScriptCore.framework/Versions/A/JavaScriptCore
0x0000000037a96000 	/System/Library/Frameworks/AddressBook.framework/Versions/A/AddressBook
0x0000000037a96000 	/System/Library/PrivateFrameworks/ContactsPersistence.framework/Versions/A/ContactsPersistence
0x0000000037a96000 	/System/Library/PrivateFrameworks/CalendarAgentLink.framework/Versions/A/CalendarAgentLink
0x0000000037a96000 	/System/Library/PrivateFrameworks/ContactsFoundation.framework/Versions/A/ContactsFoundation
0x0000000037a96000 	/System/Library/PrivateFrameworks/vCard.framework/Versions/A/vCard
0x0000000037a96000 	/System/Library/PrivateFrameworks/ToneLibrary.framework/Versions/A/ToneLibrary
0x0000000037a96000 	/System/Library/PrivateFrameworks/ToneKit.framework/Versions/A/ToneKit
0x0000000037a96000 	/System/Library/PrivateFrameworks/ApplePushService.framework/Versions/A/ApplePushService
0x0000000037a96000 	/System/Library/Frameworks/SecurityInterface.framework/Versions/A/SecurityInterface
0x0000000037a96000 	/System/Library/PrivateFrameworks/PhoneNumbers.framework/Versions/A/PhoneNumbers
0x0000000037a96000 	/System/Library/Frameworks/Quartz.framework/Versions/A/Quartz
0x0000000037a96000 	/System/Library/Frameworks/Accounts.framework/Versions/A/Accounts
0x0000000037a96000 	/System/Library/PrivateFrameworks/OAuth.framework/Versions/A/OAuth
0x0000000037a96000 	/System/Library/PrivateFrameworks/CacheDelete.framework/Versions/A/CacheDelete
0x0000000037a96000 	/System/Library/PrivateFrameworks/CloudDocs.framework/Versions/A/CloudDocs
0x0000000037a96000 	/System/Library/Frameworks/CloudKit.framework/Versions/A/CloudKit
0x0000000037a96000 	/System/Library/PrivateFrameworks/MMCS.framework/Versions/A/MMCS
0x0000000037a96000 	/System/Library/Frameworks/CoreLocation.framework/Versions/A/CoreLocation
0x0000000037a96000 	/System/Library/PrivateFrameworks/AssetCacheServices.framework/Versions/A/AssetCacheServices
0x0000000037a96000 	/System/Library/PrivateFrameworks/GeoServices.framework/Versions/A/GeoServices
0x0000000037a96000 	/System/Library/PrivateFrameworks/PlugInKit.framework/Versions/A/PlugInKit
0x00000001555c2000 	/System/Library/PrivateFrameworks/CoreNLP.framework/Versions/A/CoreNLP
0x000000015560a000 	/usr/lib/libgermantok.dylib

VM Arguments:
jvm_args: -Didea.launcher.port=7533 -Didea.launcher.bin.path=/Applications/IntelliJ IDEA CE.app/Contents/bin -Dfile.encoding=UTF-8 
java_command: com.intellij.rt.execution.application.AppMain EarTrainer.Controllers.Main
java_class_path (initial): /Library/Java/JavaVirtualMachines/jdk1.8.0_111.jdk/Contents/Home/jre/lib/charsets.jar:/Library/Java/JavaVirtualMachines/jdk1.8.0_111.jdk/Contents/Home/jre/lib/deploy.jar:/Library/Java/JavaVirtualMachines/jdk1.8.0_111.jdk/Contents/Home/jre/lib/ext/cldrdata.jar:/Library/Java/JavaVirtualMachines/jdk1.8.0_111.jdk/Contents/Home/jre/lib/ext/dnsns.jar:/Library/Java/JavaVirtualMachines/jdk1.8.0_111.jdk/Contents/Home/jre/lib/ext/jaccess.jar:/Library/Java/JavaVirtualMachines/jdk1.8.0_111.jdk/Contents/Home/jre/lib/ext/jfxrt.jar:/Library/Java/JavaVirtualMachines/jdk1.8.0_111.jdk/Contents/Home/jre/lib/ext/localedata.jar:/Library/Java/JavaVirtualMachines/jdk1.8.0_111.jdk/Contents/Home/jre/lib/ext/nashorn.jar:/Library/Java/JavaVirtualMachines/jdk1.8.0_111.jdk/Contents/Home/jre/lib/ext/sunec.jar:/Library/Java/JavaVirtualMachines/jdk1.8.0_111.jdk/Contents/Home/jre/lib/ext/sunjce_provider.jar:/Library/Java/JavaVirtualMachines/jdk1.8.0_111.jdk/Contents/Home/jre/lib/ext/sunpkcs11.jar:/Library/Java/JavaVirtualMachines/jdk1.8.0_111.jdk/Contents/Home/jre/lib/ext/zipfs.jar:/Library/Java/JavaVirtualMachines/jdk1.8.0_111.jdk/Contents/Home/jre/lib/javaws.jar:/Library/Java/JavaVirtualMachines/jdk1.8.0_111.jdk/Contents/Home/jre/lib/jce.jar:/Library/Java/JavaVirtualMachines/jdk1.8.0_111.jdk/Contents/Home/jre/lib/jfr.jar:/Library/Java/JavaVirtualMachines/jdk1.8.0_111.jdk/Contents/Home/jre/lib/jfxswt.jar:/Library/Java/JavaVirtualMachines/jdk1.8.0_111.jdk/Contents/Home/jre/lib/jsse.jar:/Library/Java/JavaVirtualMachines/jdk1.8.0_111.jdk/Contents/Home/jre/lib/management-agent.jar:/Library/Java/JavaVirtualMachines/jdk1.8.0_111.jdk/Contents/Home/jre/lib/plugin.jar:/Library/Java/JavaVirtualMachines/jdk1.8.0_111.jdk/Contents/Home/jre/lib/resources.jar:/Library/Java/JavaVirtualMachines/jdk1.8.0_111.jdk/Contents/Home/jre/lib/rt.jar:/Library/Java/JavaVirtualMachines/jdk1.8.0_111.jdk/Contents/Home/lib/ant-javafx.jar:/Library/Java/JavaVirtualMachines/jdk1.8.0_111.jdk/Contents/Home
Launcher Type: SUN_STANDARD

Environment Variables:
PATH=/usr/local/bin:/usr/bin:/bin:/usr/sbin:/sbin:/Library/Frameworks/Mono.framework/Versions/Current/Commands
SHELL=/bin/bash

Signal Handlers:
SIGSEGV: [libjvm.dylib+0x5b03ed], sa_mask[0]=11111111011111110111111111111111, sa_flags=SA_ONSTACK|SA_RESTART|SA_SIGINFO
SIGBUS: [libjvm.dylib+0x5b03ed], sa_mask[0]=11111111011111110111111111111111, sa_flags=SA_RESTART|SA_SIGINFO
SIGFPE: [libjvm.dylib+0x48711c], sa_mask[0]=11111111011111110111111111111111, sa_flags=SA_RESTART|SA_SIGINFO
SIGPIPE: [libjvm.dylib+0x48711c], sa_mask[0]=11111111011111110111111111111111, sa_flags=SA_RESTART|SA_SIGINFO
SIGXFSZ: [libjvm.dylib+0x48711c], sa_mask[0]=11111111011111110111111111111111, sa_flags=SA_RESTART|SA_SIGINFO
SIGILL: [libjvm.dylib+0x48711c], sa_mask[0]=11111111011111110111111111111111, sa_flags=SA_RESTART|SA_SIGINFO
SIGUSR1: SIG_DFL, sa_mask[0]=00000000000000000000000000000000, sa_flags=none
SIGUSR2: [libjvm.dylib+0x486c3a], sa_mask[0]=00100000000000000000000000000000, sa_flags=SA_RESTART|SA_SIGINFO
SIGHUP: [libjvm.dylib+0x485211], sa_mask[0]=11111111011111110111111111111111, sa_flags=SA_RESTART|SA_SIGINFO
SIGINT: [libjvm.dylib+0x485211], sa_mask[0]=11111111011111110111111111111111, sa_flags=SA_RESTART|SA_SIGINFO
SIGTERM: [libjvm.dylib+0x485211], sa_mask[0]=11111111011111110111111111111111, sa_flags=SA_RESTART|SA_SIGINFO
SIGQUIT: [libjvm.dylib+0x485211], sa_mask[0]=11111111011111110111111111111111, sa_flags=SA_RESTART|SA_SIGINFO


---------------  S Y S T E M  ---------------

OS:Bsduname:Darwin 16.4.0 Darwin Kernel Version 16.4.0: Thu Dec 22 22:53:21 PST 2016; root:xnu-3789.41.3~3/RELEASE_X86_64 x86_64
rlimit: STACK 8192k, CORE 0k, NPROC 709, NOFILE 10240, AS infinity
load average:1.37 1.37 1.39

CPU:total 8 (4 cores per cpu, 2 threads per core) family 6 model 94 stepping 3, cmov, cx8, fxsr, mmx, sse, sse2, sse3, ssse3, sse4.1, sse4.2, popcnt, avx, avx2, aes, clmul, erms, rtm, 3dnowpref, lzcnt, ht, tsc, tscinvbit, bmi1, bmi2, adx

Memory: 4k page, physical 16777216k(2436300k free)

/proc/meminfo:


vm_info: Java HotSpot(TM) 64-Bit Server VM (25.111-b14) for bsd-amd64 JRE (1.8.0_111-b14), built on Sep 22 2016 15:31:41 by "java_re" with gcc 4.2.1 (Based on Apple Inc. build 5658) (LLVM build 2336.11.00)

time: Wed Feb 22 17:12:15 2017
elapsed time: 52 seconds (0d 0h 0m 52s)

